<?xml version="1.0" encoding="UTF-8"?>
<!-- Generated by org.testng.reporters.JUnitReportReporter -->
<testsuite hostname="DESKTOP-JR9GPET" failures="0" tests="3" name="testjava.LoginPageTest" time="6.448" errors="0" timestamp="2022-05-12T10:10:56 IST" skipped="0">
  <testcase classname="testjava.LoginPageTest" name="verifyUrlOfLoginPage" time="0.084"/>
  <system-out>
    <![CDATA[https://opensource-demo.orangehrmlive.com/]]>
  </system-out>
  <testcase classname="testjava.LoginPageTest" name="verifyTitleOfLoginPage" time="0.080"/>
  <system-out>
    <![CDATA[OrangeHRM]]>
  </system-out>
  <testcase classname="testjava.LoginPageTest" name="verifyLoginPageWithCorrectCredentials" time="6.284"/>
  <system-out/>
</testsuite> <!-- testjava.LoginPageTest -->
