<?xml version="1.0" encoding="UTF-8"?>
<!-- Generated by org.testng.reporters.JUnitReportReporter -->
<testsuite hostname="DESKTOP-JR9GPET" failures="0" tests="2" name="testjava.DashBoardPageTest" time="9.737" errors="0" timestamp="2022-05-09T00:29:33 IST" skipped="0">
  <testcase classname="testjava.DashBoardPageTest" name="verifyBellIConIsDisplayed" time="7.564"/>
  <system-out/>
  <testcase classname="testjava.DashBoardPageTest" name="verifyLogOutOption" time="2.173"/>
  <system-out/>
</testsuite> <!-- testjava.DashBoardPageTest -->
